<?xml version="1.0" encoding="UTF-8"?>
<coverage generated="1575625429111" clover="3.2.0">
  <project timestamp="1575625429111" name="All files">
    <metrics statements="12" coveredstatements="12" conditionals="0" coveredconditionals="0" methods="0" coveredmethods="0" elements="12" coveredelements="12" complexity="0" loc="12" ncloc="12" packages="1" files="4" classes="4"/>
    <file name="Album.js" path="/Users/mikeeg/alchemy/career-track/Data-Modeling/lib/models/Album.js">
      <metrics statements="3" coveredstatements="3" conditionals="0" coveredconditionals="0" methods="0" coveredmethods="0"/>
      <line num="1" count="1" type="stmt"/>
      <line num="3" count="1" type="stmt"/>
      <line num="28" count="1" type="stmt"/>
    </file>
    <file name="Bike.js" path="/Users/mikeeg/alchemy/career-track/Data-Modeling/lib/models/Bike.js">
      <metrics statements="3" coveredstatements="3" conditionals="0" coveredconditionals="0" methods="0" coveredmethods="0"/>
      <line num="1" count="1" type="stmt"/>
      <line num="3" count="1" type="stmt"/>
      <line num="29" count="1" type="stmt"/>
    </file>
    <file name="Book.js" path="/Users/mikeeg/alchemy/career-track/Data-Modeling/lib/models/Book.js">
      <metrics statements="3" coveredstatements="3" conditionals="0" coveredconditionals="0" methods="0" coveredmethods="0"/>
      <line num="1" count="1" type="stmt"/>
      <line num="3" count="1" type="stmt"/>
      <line num="27" count="1" type="stmt"/>
    </file>
    <file name="Headphones.js" path="/Users/mikeeg/alchemy/career-track/Data-Modeling/lib/models/Headphones.js">
      <metrics statements="3" coveredstatements="3" conditionals="0" coveredconditionals="0" methods="0" coveredmethods="0"/>
      <line num="1" count="1" type="stmt"/>
      <line num="3" count="1" type="stmt"/>
      <line num="28" count="1" type="stmt"/>
    </file>
  </project>
</coverage>
