{"/Users/mikeeg/alchemy/career-track/Data-Modeling/lib/models/Album.js": {"path":"/Users/mikeeg/alchemy/career-track/Data-Modeling/lib/models/Album.js","statementMap":{"0":{"start":{"line":1,"column":17},"end":{"line":1,"column":36}},"1":{"start":{"line":3,"column":15},"end":{"line":26,"column":2}},"2":{"start":{"line":28,"column":0},"end":{"line":28,"column":49}}},"fnMap":{},"branchMap":{},"s":{"0":1,"1":1,"2":1},"f":{},"b":{},"_coverageSchema":"43e27e138ebf9cfc5966b082cf9a028302ed4184","hash":"0a3ff52dd4d97bb03e76d88dabef769cf67755f6"}
,"/Users/mikeeg/alchemy/career-track/Data-Modeling/lib/models/Bike.js": {"path":"/Users/mikeeg/alchemy/career-track/Data-Modeling/lib/models/Bike.js","statementMap":{"0":{"start":{"line":1,"column":17},"end":{"line":1,"column":36}},"1":{"start":{"line":3,"column":15},"end":{"line":27,"column":2}},"2":{"start":{"line":29,"column":0},"end":{"line":29,"column":48}}},"fnMap":{},"branchMap":{},"s":{"0":1,"1":1,"2":1},"f":{},"b":{},"_coverageSchema":"43e27e138ebf9cfc5966b082cf9a028302ed4184","hash":"fdfd75b8f89fa2e6e4465f0841b4f42487927787"}
,"/Users/mikeeg/alchemy/career-track/Data-Modeling/lib/models/Book.js": {"path":"/Users/mikeeg/alchemy/career-track/Data-Modeling/lib/models/Book.js","statementMap":{"0":{"start":{"line":1,"column":17},"end":{"line":1,"column":36}},"1":{"start":{"line":3,"column":15},"end":{"line":25,"column":2}},"2":{"start":{"line":27,"column":0},"end":{"line":27,"column":48}}},"fnMap":{},"branchMap":{},"s":{"0":1,"1":1,"2":1},"f":{},"b":{},"_coverageSchema":"43e27e138ebf9cfc5966b082cf9a028302ed4184","hash":"2e5d6f8ab99173c2e4844a4ff84d1c2b6b8129ca"}
,"/Users/mikeeg/alchemy/career-track/Data-Modeling/lib/models/Headphones.js": {"path":"/Users/mikeeg/alchemy/career-track/Data-Modeling/lib/models/Headphones.js","statementMap":{"0":{"start":{"line":1,"column":17},"end":{"line":1,"column":36}},"1":{"start":{"line":3,"column":15},"end":{"line":26,"column":2}},"2":{"start":{"line":28,"column":0},"end":{"line":28,"column":54}}},"fnMap":{},"branchMap":{},"s":{"0":1,"1":1,"2":1},"f":{},"b":{},"_coverageSchema":"43e27e138ebf9cfc5966b082cf9a028302ed4184","hash":"40798027c7bb0539a8d12f105c6ac89b83d0f493"}
,"/Users/mikeeg/alchemy/career-track/Data-Modeling/lib/models/Ink.js": {"path":"/Users/mikeeg/alchemy/career-track/Data-Modeling/lib/models/Ink.js","statementMap":{"0":{"start":{"line":1,"column":17},"end":{"line":1,"column":36}},"1":{"start":{"line":3,"column":15},"end":{"line":24,"column":2}},"2":{"start":{"line":26,"column":0},"end":{"line":26,"column":47}}},"fnMap":{},"branchMap":{},"s":{"0":1,"1":1,"2":1},"f":{},"b":{},"_coverageSchema":"43e27e138ebf9cfc5966b082cf9a028302ed4184","hash":"a461d4cd3eb42140256adc1f5b91ce259458a417"}
}
