{"/Users/mikeeg/alchemy/career-track/Data-Modeling/lib/models/Bike.js": {"path":"/Users/mikeeg/alchemy/career-track/Data-Modeling/lib/models/Bike.js","statementMap":{"0":{"start":{"line":1,"column":17},"end":{"line":1,"column":36}},"1":{"start":{"line":3,"column":15},"end":{"line":27,"column":2}},"2":{"start":{"line":29,"column":0},"end":{"line":29,"column":48}}},"fnMap":{},"branchMap":{},"s":{"0":1,"1":1,"2":1},"f":{},"b":{},"_coverageSchema":"43e27e138ebf9cfc5966b082cf9a028302ed4184","hash":"fdfd75b8f89fa2e6e4465f0841b4f42487927787"}
}
